2016-02-26 08:42:44 Notice: Notice (1024): Please change the value of 'Security.salt' in ROOT/config/app.php to a salt value specific to your application. in [/var/www/blogcake/vendor/cakephp/cakephp/src/Error/Debugger.php, line 793]
Trace:
Cake\Error\BaseErrorHandler::handleError() - CORE/src/Error/BaseErrorHandler.php, line 147
Cake\Error\Debugger::checkSecurityKeys() - CORE/src/Error/Debugger.php, line 793
include - APP/Template/Pages/home.ctp, line 55
Cake\View\View::_evaluate() - CORE/src/View/View.php, line 992
Cake\View\View::_render() - CORE/src/View/View.php, line 952
Cake\View\View::render() - CORE/src/View/View.php, line 587
Cake\Controller\Controller::render() - CORE/src/Controller/Controller.php, line 611
App\Controller\PagesController::display() - APP/Controller/PagesController.php, line 57
Cake\Controller\Controller::invokeAction() - CORE/src/Controller/Controller.php, line 429
Cake\Routing\Dispatcher::_invoke() - CORE/src/Routing/Dispatcher.php, line 114
Cake\Routing\Dispatcher::dispatch() - CORE/src/Routing/Dispatcher.php, line 87
require - ROOT/webroot/index.php, line 37
[main] - ROOT/index.php, line 16



2016-02-26 11:35:53 Notice: Deprecated (16384): Controller::$layout is deprecated. Use $this->viewBuilder()->layout() instead. in [/var/www/blogcake/vendor/cakephp/cakephp/src/Controller/Controller.php, line 375]
Trace:
Cake\Error\BaseErrorHandler::handleError() - CORE/src/Error/BaseErrorHandler.php, line 147
Cake\Controller\Controller::__set() - CORE/src/Controller/Controller.php, line 375
App\Controller\ArticlesController::__construct() - APP/Controller/ArticlesController.php, line 16
ReflectionClass::newInstance() - [internal], line ??
Cake\Routing\Filter\ControllerFactoryFilter::_getController() - CORE/src/Routing/Filter/ControllerFactoryFilter.php, line 100
Cake\Routing\Filter\ControllerFactoryFilter::beforeDispatch() - CORE/src/Routing/Filter/ControllerFactoryFilter.php, line 51
Cake\Routing\DispatcherFilter::handle() - CORE/src/Routing/DispatcherFilter.php, line 145
Cake\Event\EventManager::_callListener() - CORE/src/Event/EventManager.php, line 390
Cake\Event\EventManager::dispatch() - CORE/src/Event/EventManager.php, line 356
Cake\Routing\Dispatcher::dispatchEvent() - CORE/src/Event/EventDispatcherTrait.php, line 78
Cake\Routing\Dispatcher::dispatch() - CORE/src/Routing/Dispatcher.php, line 62
require - ROOT/webroot/index.php, line 37
[main] - ROOT/index.php, line 16



2016-02-26 11:46:37 Notice: Strict (2048): Declaration of App\Controller\ArticlesController::beforeRender() should be compatible with App\Controller\AppController::beforeRender(Cake\Event\Event $event) in [/var/www/blogcake/src/Controller/ArticlesController.php, line 12]
Trace:
Cake\Error\BaseErrorHandler::handleError() - CORE/src/Error/BaseErrorHandler.php, line 147
include - APP/Controller/ArticlesController.php, line 12
Composer\Autoload\includeFile - ROOT/vendor/composer/ClassLoader.php, line 412
Composer\Autoload\ClassLoader::loadClass() - ROOT/vendor/composer/ClassLoader.php, line 301
spl_autoload_call - [internal], line ??
class_exists - [internal], line ??
Cake\Core\App::_classExistsInBase() - CORE/src/Core/App.php, line 151
Cake\Core\App::className() - CORE/src/Core/App.php, line 64
Cake\Routing\Filter\ControllerFactoryFilter::_getController() - CORE/src/Routing/Filter/ControllerFactoryFilter.php, line 91
Cake\Routing\Filter\ControllerFactoryFilter::beforeDispatch() - CORE/src/Routing/Filter/ControllerFactoryFilter.php, line 51
Cake\Routing\DispatcherFilter::handle() - CORE/src/Routing/DispatcherFilter.php, line 145
Cake\Event\EventManager::_callListener() - CORE/src/Event/EventManager.php, line 390
Cake\Event\EventManager::dispatch() - CORE/src/Event/EventManager.php, line 356
Cake\Routing\Dispatcher::dispatchEvent() - CORE/src/Event/EventDispatcherTrait.php, line 78
Cake\Routing\Dispatcher::dispatch() - CORE/src/Routing/Dispatcher.php, line 62
require - ROOT/webroot/index.php, line 37
[main] - ROOT/index.php, line 16



2016-02-26 11:47:15 Notice: Strict (2048): Declaration of App\Controller\ArticlesController::beforeRender() should be compatible with App\Controller\AppController::beforeRender(Cake\Event\Event $event) in [/var/www/blogcake/src/Controller/ArticlesController.php, line 12]
Trace:
Cake\Error\BaseErrorHandler::handleError() - CORE/src/Error/BaseErrorHandler.php, line 147
include - APP/Controller/ArticlesController.php, line 12
Composer\Autoload\includeFile - ROOT/vendor/composer/ClassLoader.php, line 412
Composer\Autoload\ClassLoader::loadClass() - ROOT/vendor/composer/ClassLoader.php, line 301
spl_autoload_call - [internal], line ??
class_exists - [internal], line ??
Cake\Core\App::_classExistsInBase() - CORE/src/Core/App.php, line 151
Cake\Core\App::className() - CORE/src/Core/App.php, line 64
Cake\Routing\Filter\ControllerFactoryFilter::_getController() - CORE/src/Routing/Filter/ControllerFactoryFilter.php, line 91
Cake\Routing\Filter\ControllerFactoryFilter::beforeDispatch() - CORE/src/Routing/Filter/ControllerFactoryFilter.php, line 51
Cake\Routing\DispatcherFilter::handle() - CORE/src/Routing/DispatcherFilter.php, line 145
Cake\Event\EventManager::_callListener() - CORE/src/Event/EventManager.php, line 390
Cake\Event\EventManager::dispatch() - CORE/src/Event/EventManager.php, line 356
Cake\Routing\Dispatcher::dispatchEvent() - CORE/src/Event/EventDispatcherTrait.php, line 78
Cake\Routing\Dispatcher::dispatch() - CORE/src/Routing/Dispatcher.php, line 62
require - ROOT/webroot/index.php, line 37
[main] - ROOT/index.php, line 16



2016-02-26 11:48:42 Notice: Strict (2048): Declaration of App\Controller\ArticlesController::beforeRender() should be compatible with App\Controller\AppController::beforeRender(Cake\Event\Event $event) in [/var/www/blogcake/src/Controller/ArticlesController.php, line 12]
Trace:
Cake\Error\BaseErrorHandler::handleError() - CORE/src/Error/BaseErrorHandler.php, line 147
include - APP/Controller/ArticlesController.php, line 12
Composer\Autoload\includeFile - ROOT/vendor/composer/ClassLoader.php, line 412
Composer\Autoload\ClassLoader::loadClass() - ROOT/vendor/composer/ClassLoader.php, line 301
spl_autoload_call - [internal], line ??
class_exists - [internal], line ??
Cake\Core\App::_classExistsInBase() - CORE/src/Core/App.php, line 151
Cake\Core\App::className() - CORE/src/Core/App.php, line 64
Cake\Routing\Filter\ControllerFactoryFilter::_getController() - CORE/src/Routing/Filter/ControllerFactoryFilter.php, line 91
Cake\Routing\Filter\ControllerFactoryFilter::beforeDispatch() - CORE/src/Routing/Filter/ControllerFactoryFilter.php, line 51
Cake\Routing\DispatcherFilter::handle() - CORE/src/Routing/DispatcherFilter.php, line 145
Cake\Event\EventManager::_callListener() - CORE/src/Event/EventManager.php, line 390
Cake\Event\EventManager::dispatch() - CORE/src/Event/EventManager.php, line 356
Cake\Routing\Dispatcher::dispatchEvent() - CORE/src/Event/EventDispatcherTrait.php, line 78
Cake\Routing\Dispatcher::dispatch() - CORE/src/Routing/Dispatcher.php, line 62
require - ROOT/webroot/index.php, line 37
[main] - ROOT/index.php, line 16



2016-02-28 11:48:08 Notice: Notice (8): Undefined variable: articles in [/var/www/blogcake/src/Controller/ArticlesController.php, line 42]
Trace:
Cake\Error\BaseErrorHandler::handleError() - CORE/src/Error/BaseErrorHandler.php, line 147
App\Controller\ArticlesController::view() - APP/Controller/ArticlesController.php, line 42
Cake\Controller\Controller::invokeAction() - CORE/src/Controller/Controller.php, line 429
Cake\Routing\Dispatcher::_invoke() - CORE/src/Routing/Dispatcher.php, line 114
Cake\Routing\Dispatcher::dispatch() - CORE/src/Routing/Dispatcher.php, line 87
[main] - ROOT/webroot/index.php, line 37



2016-02-28 11:57:53 Notice: Notice (8): Undefined variable: comment in [/var/www/blogcake/src/Template/Articles/view.ctp, line 17]
Trace:
Cake\Error\BaseErrorHandler::handleError() - CORE/src/Error/BaseErrorHandler.php, line 147
include - APP/Template/Articles/view.ctp, line 17
Cake\View\View::_evaluate() - CORE/src/View/View.php, line 992
Cake\View\View::_render() - CORE/src/View/View.php, line 952
Cake\View\View::render() - CORE/src/View/View.php, line 587
Cake\Controller\Controller::render() - CORE/src/Controller/Controller.php, line 611
Cake\Routing\Dispatcher::_invoke() - CORE/src/Routing/Dispatcher.php, line 120
Cake\Routing\Dispatcher::dispatch() - CORE/src/Routing/Dispatcher.php, line 87
[main] - ROOT/webroot/index.php, line 37



2016-02-28 12:47:24 Notice: Notice (8): Undefined variable: comments in [/var/www/blogcake/src/Template/Articles/view.ctp, line 44]
Trace:
Cake\Error\BaseErrorHandler::handleError() - CORE/src/Error/BaseErrorHandler.php, line 147
include - APP/Template/Articles/view.ctp, line 44
Cake\View\View::_evaluate() - CORE/src/View/View.php, line 992
Cake\View\View::_render() - CORE/src/View/View.php, line 952
Cake\View\View::render() - CORE/src/View/View.php, line 587
Cake\Controller\Controller::render() - CORE/src/Controller/Controller.php, line 611
Cake\Routing\Dispatcher::_invoke() - CORE/src/Routing/Dispatcher.php, line 120
Cake\Routing\Dispatcher::dispatch() - CORE/src/Routing/Dispatcher.php, line 87
[main] - ROOT/webroot/index.php, line 37



2016-02-28 12:48:20 Notice: Notice (8): Undefined variable: comments in [/var/www/blogcake/src/Template/Articles/view.ctp, line 44]
Trace:
Cake\Error\BaseErrorHandler::handleError() - CORE/src/Error/BaseErrorHandler.php, line 147
include - APP/Template/Articles/view.ctp, line 44
Cake\View\View::_evaluate() - CORE/src/View/View.php, line 992
Cake\View\View::_render() - CORE/src/View/View.php, line 952
Cake\View\View::render() - CORE/src/View/View.php, line 587
Cake\Controller\Controller::render() - CORE/src/Controller/Controller.php, line 611
Cake\Routing\Dispatcher::_invoke() - CORE/src/Routing/Dispatcher.php, line 120
Cake\Routing\Dispatcher::dispatch() - CORE/src/Routing/Dispatcher.php, line 87
[main] - ROOT/webroot/index.php, line 37



2016-02-28 14:16:17 Notice: Notice (8): Undefined variable: user in [/var/www/blogcake/src/Controller/UsersController.php, line 27]
Trace:
Cake\Error\BaseErrorHandler::handleError() - CORE/src/Error/BaseErrorHandler.php, line 147
App\Controller\UsersController::login() - APP/Controller/UsersController.php, line 27
Cake\Controller\Controller::invokeAction() - CORE/src/Controller/Controller.php, line 429
Cake\Routing\Dispatcher::_invoke() - CORE/src/Routing/Dispatcher.php, line 114
Cake\Routing\Dispatcher::dispatch() - CORE/src/Routing/Dispatcher.php, line 87
[main] - ROOT/webroot/index.php, line 37



2016-02-28 14:50:23 Notice: Notice (8): Undefined variable: user in [/var/www/blogcake/src/Controller/ArticlesController.php, line 36]
Trace:
Cake\Error\BaseErrorHandler::handleError() - CORE/src/Error/BaseErrorHandler.php, line 147
App\Controller\ArticlesController::isAuthorized() - APP/Controller/ArticlesController.php, line 36
Cake\Auth\ControllerAuthorize::authorize() - CORE/src/Auth/ControllerAuthorize.php, line 92
Cake\Controller\Component\AuthComponent::isAuthorized() - CORE/src/Controller/Component/AuthComponent.php, line 494
Cake\Controller\Component\AuthComponent::authCheck() - CORE/src/Controller/Component/AuthComponent.php, line 305
Cake\Controller\Component\AuthComponent::startup() - CORE/src/Controller/Component/AuthComponent.php, line 258
Cake\Event\EventManager::_callListener() - CORE/src/Event/EventManager.php, line 386
Cake\Event\EventManager::dispatch() - CORE/src/Event/EventManager.php, line 356
Cake\Controller\Controller::dispatchEvent() - CORE/src/Event/EventDispatcherTrait.php, line 78
Cake\Controller\Controller::startupProcess() - CORE/src/Controller/Controller.php, line 495
Cake\Routing\Dispatcher::_invoke() - CORE/src/Routing/Dispatcher.php, line 109
Cake\Routing\Dispatcher::dispatch() - CORE/src/Routing/Dispatcher.php, line 87
[main] - ROOT/webroot/index.php, line 37



2016-02-28 14:58:25 Notice: Strict (2048): Declaration of App\Controller\ArticlesController::beforeFilter() should be compatible with Cake\Controller\Controller::beforeFilter(Cake\Event\Event $event) in [/var/www/blogcake/src/Controller/ArticlesController.php, line 12]
Trace:
Cake\Error\BaseErrorHandler::handleError() - CORE/src/Error/BaseErrorHandler.php, line 147
include - APP/Controller/ArticlesController.php, line 12
Composer\Autoload\includeFile - ROOT/vendor/composer/ClassLoader.php, line 412
Composer\Autoload\ClassLoader::loadClass() - ROOT/vendor/composer/ClassLoader.php, line 301
spl_autoload_call - [internal], line ??
class_exists - [internal], line ??
Cake\Core\App::_classExistsInBase() - CORE/src/Core/App.php, line 151
Cake\Core\App::className() - CORE/src/Core/App.php, line 64
Cake\Routing\Filter\ControllerFactoryFilter::_getController() - CORE/src/Routing/Filter/ControllerFactoryFilter.php, line 91
Cake\Routing\Filter\ControllerFactoryFilter::beforeDispatch() - CORE/src/Routing/Filter/ControllerFactoryFilter.php, line 51
Cake\Routing\DispatcherFilter::handle() - CORE/src/Routing/DispatcherFilter.php, line 145
Cake\Event\EventManager::_callListener() - CORE/src/Event/EventManager.php, line 390
Cake\Event\EventManager::dispatch() - CORE/src/Event/EventManager.php, line 356
Cake\Routing\Dispatcher::dispatchEvent() - CORE/src/Event/EventDispatcherTrait.php, line 78
Cake\Routing\Dispatcher::dispatch() - CORE/src/Routing/Dispatcher.php, line 62
[main] - ROOT/webroot/index.php, line 37



2016-02-28 15:00:59 Notice: Strict (2048): Declaration of App\Controller\ArticlesController::beforeFilter() should be compatible with Cake\Controller\Controller::beforeFilter(Cake\Event\Event $event) in [/var/www/blogcake/src/Controller/ArticlesController.php, line 12]
Trace:
Cake\Error\BaseErrorHandler::handleError() - CORE/src/Error/BaseErrorHandler.php, line 147
include - APP/Controller/ArticlesController.php, line 12
Composer\Autoload\includeFile - ROOT/vendor/composer/ClassLoader.php, line 412
Composer\Autoload\ClassLoader::loadClass() - ROOT/vendor/composer/ClassLoader.php, line 301
spl_autoload_call - [internal], line ??
class_exists - [internal], line ??
Cake\Core\App::_classExistsInBase() - CORE/src/Core/App.php, line 151
Cake\Core\App::className() - CORE/src/Core/App.php, line 64
Cake\Routing\Filter\ControllerFactoryFilter::_getController() - CORE/src/Routing/Filter/ControllerFactoryFilter.php, line 91
Cake\Routing\Filter\ControllerFactoryFilter::beforeDispatch() - CORE/src/Routing/Filter/ControllerFactoryFilter.php, line 51
Cake\Routing\DispatcherFilter::handle() - CORE/src/Routing/DispatcherFilter.php, line 145
Cake\Event\EventManager::_callListener() - CORE/src/Event/EventManager.php, line 390
Cake\Event\EventManager::dispatch() - CORE/src/Event/EventManager.php, line 356
Cake\Routing\Dispatcher::dispatchEvent() - CORE/src/Event/EventDispatcherTrait.php, line 78
Cake\Routing\Dispatcher::dispatch() - CORE/src/Routing/Dispatcher.php, line 62
[main] - ROOT/webroot/index.php, line 37



2016-02-28 15:01:51 Notice: Strict (2048): Declaration of App\Controller\ArticlesController::beforeFilter() should be compatible with Cake\Controller\Controller::beforeFilter(Cake\Event\Event $event) in [/var/www/blogcake/src/Controller/ArticlesController.php, line 12]
Trace:
Cake\Error\BaseErrorHandler::handleError() - CORE/src/Error/BaseErrorHandler.php, line 147
include - APP/Controller/ArticlesController.php, line 12
Composer\Autoload\includeFile - ROOT/vendor/composer/ClassLoader.php, line 412
Composer\Autoload\ClassLoader::loadClass() - ROOT/vendor/composer/ClassLoader.php, line 301
spl_autoload_call - [internal], line ??
class_exists - [internal], line ??
Cake\Core\App::_classExistsInBase() - CORE/src/Core/App.php, line 151
Cake\Core\App::className() - CORE/src/Core/App.php, line 64
Cake\Routing\Filter\ControllerFactoryFilter::_getController() - CORE/src/Routing/Filter/ControllerFactoryFilter.php, line 91
Cake\Routing\Filter\ControllerFactoryFilter::beforeDispatch() - CORE/src/Routing/Filter/ControllerFactoryFilter.php, line 51
Cake\Routing\DispatcherFilter::handle() - CORE/src/Routing/DispatcherFilter.php, line 145
Cake\Event\EventManager::_callListener() - CORE/src/Event/EventManager.php, line 390
Cake\Event\EventManager::dispatch() - CORE/src/Event/EventManager.php, line 356
Cake\Routing\Dispatcher::dispatchEvent() - CORE/src/Event/EventDispatcherTrait.php, line 78
Cake\Routing\Dispatcher::dispatch() - CORE/src/Routing/Dispatcher.php, line 62
[main] - ROOT/webroot/index.php, line 37



2016-02-28 15:04:32 Notice: Strict (2048): Declaration of App\Controller\ArticlesController::beforeFilter() should be compatible with Cake\Controller\Controller::beforeFilter(Cake\Event\Event $event) in [/var/www/blogcake/src/Controller/ArticlesController.php, line 12]
Trace:
Cake\Error\BaseErrorHandler::handleError() - CORE/src/Error/BaseErrorHandler.php, line 147
include - APP/Controller/ArticlesController.php, line 12
Composer\Autoload\includeFile - ROOT/vendor/composer/ClassLoader.php, line 412
Composer\Autoload\ClassLoader::loadClass() - ROOT/vendor/composer/ClassLoader.php, line 301
spl_autoload_call - [internal], line ??
class_exists - [internal], line ??
Cake\Core\App::_classExistsInBase() - CORE/src/Core/App.php, line 151
Cake\Core\App::className() - CORE/src/Core/App.php, line 64
Cake\Routing\Filter\ControllerFactoryFilter::_getController() - CORE/src/Routing/Filter/ControllerFactoryFilter.php, line 91
Cake\Routing\Filter\ControllerFactoryFilter::beforeDispatch() - CORE/src/Routing/Filter/ControllerFactoryFilter.php, line 51
Cake\Routing\DispatcherFilter::handle() - CORE/src/Routing/DispatcherFilter.php, line 145
Cake\Event\EventManager::_callListener() - CORE/src/Event/EventManager.php, line 390
Cake\Event\EventManager::dispatch() - CORE/src/Event/EventManager.php, line 356
Cake\Routing\Dispatcher::dispatchEvent() - CORE/src/Event/EventDispatcherTrait.php, line 78
Cake\Routing\Dispatcher::dispatch() - CORE/src/Routing/Dispatcher.php, line 62
[main] - ROOT/webroot/index.php, line 37



2016-02-28 15:17:49 Notice: Deprecated (16384): SessionHelper has been deprecated. Use request->session() instead. in [/var/www/blogcake/vendor/cakephp/cakephp/src/View/Helper/SessionHelper.php, line 39]
Trace:
Cake\Error\BaseErrorHandler::handleError() - CORE/src/Error/BaseErrorHandler.php, line 147
Cake\View\Helper\SessionHelper::__construct() - CORE/src/View/Helper/SessionHelper.php, line 39
Cake\View\HelperRegistry::_create() - CORE/src/View/HelperRegistry.php, line 142
Cake\Core\ObjectRegistry::load() - CORE/src/Core/ObjectRegistry.php, line 93
Cake\View\HelperRegistry::__isset() - CORE/src/View/HelperRegistry.php, line 66
Cake\View\View::__get() - CORE/src/View/View.php, line 888
include - APP/Template/Layout/default.ctp, line 64
Cake\View\View::_evaluate() - CORE/src/View/View.php, line 992
Cake\View\View::_render() - CORE/src/View/View.php, line 952
Cake\View\View::renderLayout() - CORE/src/View/View.php, line 633
Cake\View\View::render() - CORE/src/View/View.php, line 592
Cake\Controller\Controller::render() - CORE/src/Controller/Controller.php, line 611
Cake\Routing\Dispatcher::_invoke() - CORE/src/Routing/Dispatcher.php, line 120
Cake\Routing\Dispatcher::dispatch() - CORE/src/Routing/Dispatcher.php, line 87
[main] - ROOT/webroot/index.php, line 37



